<?xml version="1.0" encoding="UTF-8"?>
<testsuite xmlns:xsi="http://www.w3.org/2001/XMLSchema-instance" xsi:noNamespaceSchemaLocation="https://maven.apache.org/surefire/maven-surefire-plugin/xsd/surefire-test-report.xsd" name="com.planit.myapp.AppTest" time="0.111" tests="1" errors="1" skipped="0" failures="0">
  <properties>
[...]
</properties>
  <testcase name="com.planit.myapp.AppTest" classname="com.planit.myapp.AppTest" time="0.109">
    <error message="The driver executable does not exist: C:\Users\YANG YANG\Pictures\projects\planit-myapp\.\.\resource\chromedriver.exe" type="java.lang.IllegalStateException">java.lang.IllegalStateException: The driver executable does not exist: C:\Users\YANG YANG\Pictures\projects\planit-myapp\.\.\resource\chromedriver.exe
</error>
    <system-out><![CDATA[@BeforeAll executed
@AfterAll executed
]]></system-out>
  </testcase>
</testsuite>